0 info it worked if it ends with ok
1 verbose cli [ 'node', '/usr/local/bin/npm', 'start' ]
2 info using npm@2.13.3
3 info using node@v0.10.40
4 verbose run-script [ 'prestart', 'start', 'poststart' ]
5 info prestart slacker@0.0.0
6 info start slacker@0.0.0
7 verbose unsafe-perm in lifecycle true
8 info slacker@0.0.0 Failed to exec start script
9 verbose stack Error: slacker@0.0.0 start: `node dist/index.js`
9 verbose stack Exit status 8
9 verbose stack     at EventEmitter.<anonymous> (/usr/local/lib/node_modules/npm/lib/utils/lifecycle.js:214:16)
9 verbose stack     at EventEmitter.emit (events.js:98:17)
9 verbose stack     at ChildProcess.<anonymous> (/usr/local/lib/node_modules/npm/lib/utils/spawn.js:24:14)
9 verbose stack     at ChildProcess.emit (events.js:98:17)
9 verbose stack     at maybeClose (child_process.js:766:16)
9 verbose stack     at Process.ChildProcess._handle.onexit (child_process.js:833:5)
10 verbose pkgid slacker@0.0.0
11 verbose cwd /app
12 error Linux 4.0.7-boot2docker
13 error argv "node" "/usr/local/bin/npm" "start"
14 error node v0.10.40
15 error npm  v2.13.3
16 error code ELIFECYCLE
17 error slacker@0.0.0 start: `node dist/index.js`
17 error Exit status 8
18 error Failed at the slacker@0.0.0 start script 'node dist/index.js'.
18 error This is most likely a problem with the slacker package,
18 error not with npm itself.
18 error Tell the author that this fails on your system:
18 error     node dist/index.js
18 error You can get their info via:
18 error     npm owner ls slacker
18 error There is likely additional logging output above.
19 verbose exit [ 1, true ]
